<?xml version="1.0" encoding="UTF-8"?>
<!-- Generated by org.testng.reporters.JUnitReportReporter -->
<testsuite skipped="0" hostname="LAPTOP-BN5MKFR4" name="com.test.flipkart" tests="9" failures="0" timestamp="2022-10-18T12:48:26 IST" time="410.391" errors="0">
  <testcase name="loadTime" time="72.973" classname="com.test.flipkart"/>
  <system-out/>
  <testcase name="search" time="68.331" classname="com.test.flipkart"/>
  <system-out/>
  <testcase name="scroll" time="4.849" classname="com.test.flipkart"/>
  <system-out/>
  <testcase name="contentRefresh" time="11.136" classname="com.test.flipkart"/>
  <system-out/>
  <testcase name="imageDisplay" time="7.023" classname="com.test.flipkart"/>
  <system-out/>
  <testcase name="bottomScroll" time="1.841" classname="com.test.flipkart"/>
  <system-out/>
  <testcase name="imgHeight" time="11.484" classname="com.test.flipkart"/>
  <system-out/>
  <testcase name="diffBrowChrome" time="2.221" classname="com.test.flipkart"/>
  <system-out/>
  <testcase name="diffBrowEdge" time="230.533" classname="com.test.flipkart"/>
  <system-out/>
</testsuite> <!-- com.test.flipkart -->
